  Application.cpp
  Color.cpp
C:\Users\KMU\Desktop\mmmm\GUGUENGINE\Application.cpp(2,10): error C1083:  Cannot open include file: 'glew.h': No such file or directory
C:\Users\KMU\Desktop\mmmm\GUGUENGINE\Color.h(8,9): warning C5051:  attribute 'nodiscard' requires at least '/std:c++17'; ignored
  Command.cpp
  Component.cpp
  glCheck.cpp
C:\Users\KMU\Desktop\mmmm\GUGUENGINE\Color.h(36,9): warning C5051:  attribute 'nodiscard' requires at least '/std:c++17'; ignored
  Input.cpp
C:\Users\KMU\Desktop\mmmm\GUGUENGINE\glCheck.cpp(2,10): error C1083:  Cannot open include file: 'glew.h': No such file or directory
  main.cpp
C:\Users\KMU\Desktop\mmmm\GUGUENGINE\Input.h(3,10): error C1083:  Cannot open include file: 'SDL.h': No such file or directory
  Mesh.cpp
C:\Users\KMU\Desktop\mmmm\GUGUENGINE\Input.h(3,10): error C1083:  Cannot open include file: 'SDL.h': No such file or directory
C:\Users\KMU\Desktop\mmmm\GUGUENGINE\Color.h(8,9): warning C5051:  attribute 'nodiscard' requires at least '/std:c++17'; ignored
C:\Users\KMU\Desktop\mmmm\GUGUENGINE\Color.h(36,9): warning C5051:  attribute 'nodiscard' requires at least '/std:c++17'; ignored
  Object.cpp
C:\Users\KMU\Desktop\mmmm\GUGUENGINE\Mesh.h(8,10): error C1083:  Cannot open include file: 'glm/glm.hpp': No such file or directory
  Shader.cpp
C:\Users\KMU\Desktop\mmmm\GUGUENGINE\Transform.h(2,10): error C1083:  Cannot open include file: 'glm/glm.hpp': No such file or directory
  Timer.cpp
  Transform.cpp
C:\Users\KMU\Desktop\mmmm\GUGUENGINE\Shader.cpp(9,10): error C1083:  Cannot open include file: 'glew.h': No such file or directory
  Generating Code...
C:\Users\KMU\Desktop\mmmm\GUGUENGINE\Transform.h(2,10): error C1083:  Cannot open include file: 'glm/glm.hpp': No such file or directory
