c:\users\kmu\downloads\guguenginenolevel\guguengine\x64\debug\vc142.pdb
c:\users\kmu\downloads\guguenginenolevel\guguengine\x64\debug\vc142.idb
c:\users\kmu\downloads\guguenginenolevel\guguengine\x64\debug\shader.obj
c:\users\kmu\downloads\guguenginenolevel\guguengine\x64\debug\objectmanager.obj
c:\users\kmu\downloads\guguenginenolevel\guguengine\x64\debug\object.obj
c:\users\kmu\downloads\guguenginenolevel\guguengine\x64\debug\mesh.obj
c:\users\kmu\downloads\guguenginenolevel\guguengine\x64\debug\application.obj
c:\users\kmu\downloads\guguenginenolevel\guguengine\x64\debug\color.obj
c:\users\kmu\downloads\guguenginenolevel\guguengine\x64\debug\command.obj
c:\users\kmu\downloads\guguenginenolevel\guguengine\x64\debug\component.obj
c:\users\kmu\downloads\guguenginenolevel\guguengine\x64\debug\engine.obj
c:\users\kmu\downloads\guguenginenolevel\guguengine\x64\debug\fitpuzzlecomponent.obj
c:\users\kmu\downloads\guguenginenolevel\guguengine\x64\debug\glcheck.obj
c:\users\kmu\downloads\guguenginenolevel\guguengine\x64\debug\input.obj
c:\users\kmu\downloads\guguenginenolevel\guguengine\x64\debug\stagemanager.obj
c:\users\kmu\downloads\guguenginenolevel\guguengine\x64\debug\state.obj
c:\users\kmu\downloads\guguenginenolevel\guguengine\x64\debug\statemanager.obj
c:\users\kmu\downloads\guguenginenolevel\guguengine\x64\debug\timer.obj
c:\users\kmu\downloads\guguenginenolevel\guguengine\x64\debug\transform.obj
c:\users\kmu\downloads\guguenginenolevel\guguengine\x64\debug\guguengine.pdb
c:\users\kmu\downloads\guguenginenolevel\guguengine\x64\debug\level.pdb
c:\users\kmu\downloads\guguenginenolevel\guguengine\x64\debug\guguengine.tlog\cl.command.1.tlog
c:\users\kmu\downloads\guguenginenolevel\guguengine\x64\debug\guguengine.tlog\cl.read.1.tlog
c:\users\kmu\downloads\guguenginenolevel\guguengine\x64\debug\guguengine.tlog\cl.write.1.tlog
c:\users\kmu\downloads\guguenginenolevel\guguengine\x64\debug\guguengine.tlog\link-cvtres.read.1.tlog
c:\users\kmu\downloads\guguenginenolevel\guguengine\x64\debug\guguengine.tlog\link-cvtres.write.1.tlog
c:\users\kmu\downloads\guguenginenolevel\guguengine\x64\debug\guguengine.tlog\link-rc.read.1.tlog
c:\users\kmu\downloads\guguenginenolevel\guguengine\x64\debug\guguengine.tlog\link-rc.write.1.tlog
c:\users\kmu\downloads\guguenginenolevel\guguengine\x64\debug\guguengine.tlog\link.command.1.tlog
c:\users\kmu\downloads\guguenginenolevel\guguengine\x64\debug\guguengine.tlog\link.read.1.tlog
c:\users\kmu\downloads\guguenginenolevel\guguengine\x64\debug\guguengine.tlog\link.write.1.tlog
